#
# There is insufficient memory for the Java Runtime Environment to continue.
# Native memory allocation (mmap) failed to map 65536 bytes for Failed to commit metaspace.
# Possible reasons:
#   The system is out of physical RAM or swap space
#   The process is running with CompressedOops enabled, and the Java Heap may be blocking the growth of the native heap
# Possible solutions:
#   Reduce memory load on the system
#   Increase physical memory or swap space
#   Check if swap backing store is full
#   Decrease Java heap size (-Xmx/-Xms)
#   Decrease number of Java threads
#   Decrease Java thread stack sizes (-Xss)
#   Set larger code cache with -XX:ReservedCodeCacheSize=
#   JVM is running with Zero Based Compressed Oops mode in which the Java heap is
#     placed in the first 32GB address space. The Java Heap base address is the
#     maximum limit for the native heap growth. Please use -XX:HeapBaseMinAddress
#     to set the Java Heap base and to place the Java Heap above 32GB virtual address.
# This output file may be truncated or incomplete.
#
#  Out of Memory Error (virtualSpaceNode.cpp:110), pid=17648, tid=18580
#
# JRE version: Java(TM) SE Runtime Environment (17.0.3+8) (build 17.0.3+8-LTS-111)
# Java VM: Java HotSpot(TM) 64-Bit Server VM (17.0.3+8-LTS-111, mixed mode, sharing, tiered, compressed oops, compressed class ptrs, g1 gc, windows-amd64)
# No core dump will be written. Minidumps are not enabled by default on client versions of Windows
#

---------------  S U M M A R Y ------------

Command Line: -ea -Didea.test.cyclic.buffer.size=1048576 -javaagent:C:\Program Files\JetBrains\IntelliJ IDEA Community Edition 2021.3.2\lib\idea_rt.jar=49560:C:\Program Files\JetBrains\IntelliJ IDEA Community Edition 2021.3.2\bin -Dfile.encoding=UTF-8 com.intellij.rt.testng.RemoteTestNGStarter -usedefaultlisteners false -socket49559 @w@C:\Users\SVETLA~1\AppData\Local\Temp\idea_working_dirs_testng.tmp -temp C:\Users\SVETLA~1\AppData\Local\Temp\idea_testng.tmp

Host: 12th Gen Intel(R) Core(TM) i3-12100, 8 cores, 15G,  Windows 10 , 64 bit Build 19041 (10.0.19041.2913)
Time: Thu Apr  4 13:27:45 2024 Caucasus Standard Time elapsed time: 3.135453 seconds (0d 0h 0m 3s)

---------------  T H R E A D  ---------------

Current thread (0x000002c8cf2315f0):  JavaThread "main" [_thread_in_vm, id=18580, stack(0x000000cf79800000,0x000000cf79900000)]

Stack: [0x000000cf79800000,0x000000cf79900000]
Native frames: (J=compiled Java code, j=interpreted, Vv=VM code, C=native code)
V  [jvm.dll+0x6711ba]
V  [jvm.dll+0x7d0834]
V  [jvm.dll+0x7d1fde]
V  [jvm.dll+0x7d2643]
V  [jvm.dll+0x242c85]
V  [jvm.dll+0x7cc7db]
V  [jvm.dll+0x616f96]
V  [jvm.dll+0x1be52e]
V  [jvm.dll+0x6198d1]
V  [jvm.dll+0x617936]
V  [jvm.dll+0x238660]
V  [jvm.dll+0x1e893d]
V  [jvm.dll+0x1de381]
V  [jvm.dll+0x537ee0]
V  [jvm.dll+0x74b478]
V  [jvm.dll+0x74b564]
V  [jvm.dll+0x408fa5]
V  [jvm.dll+0x40eff8]
C  [java.dll+0x17ec]

Java frames: (J=compiled Java code, j=interpreted, Vv=VM code)
J 985  java.lang.ClassLoader.defineClass1(Ljava/lang/ClassLoader;Ljava/lang/String;[BIILjava/security/ProtectionDomain;Ljava/lang/String;)Ljava/lang/Class; java.base@17.0.3 (0 bytes) @ 0x000002c8de5d1263 [0x000002c8de5d11a0+0x00000000000000c3]
J 1556 c1 java.lang.ClassLoader.defineClass(Ljava/lang/String;[BIILjava/security/ProtectionDomain;)Ljava/lang/Class; java.base@17.0.3 (43 bytes) @ 0x000002c8d72ffddc [0x000002c8d72ffa80+0x000000000000035c]
J 1555 c1 java.security.SecureClassLoader.defineClass(Ljava/lang/String;[BIILjava/security/CodeSource;)Ljava/lang/Class; java.base@17.0.3 (16 bytes) @ 0x000002c8d72ff70c [0x000002c8d72ff640+0x00000000000000cc]
J 1107 c1 jdk.internal.loader.BuiltinClassLoader.defineClass(Ljava/lang/String;Ljdk/internal/loader/Resource;)Ljava/lang/Class; java.base@17.0.3 (121 bytes) @ 0x000002c8d72248f4 [0x000002c8d7223980+0x0000000000000f74]
J 1119 c1 jdk.internal.loader.BuiltinClassLoader.findClassOnClassPathOrNull(Ljava/lang/String;)Ljava/lang/Class; java.base@17.0.3 (64 bytes) @ 0x000002c8d722e664 [0x000002c8d722d5e0+0x0000000000001084]
J 523 c1 jdk.internal.loader.BuiltinClassLoader.loadClassOrNull(Ljava/lang/String;Z)Ljava/lang/Class; java.base@17.0.3 (143 bytes) @ 0x000002c8d711b5d4 [0x000002c8d711a6c0+0x0000000000000f14]
J 590 c1 jdk.internal.loader.ClassLoaders$AppClassLoader.loadClass(Ljava/lang/String;Z)Ljava/lang/Class; java.base@17.0.3 (40 bytes) @ 0x000002c8d7131c8c [0x000002c8d7131660+0x000000000000062c]
J 589 c1 java.lang.ClassLoader.loadClass(Ljava/lang/String;)Ljava/lang/Class; java.base@17.0.3 (7 bytes) @ 0x000002c8d71312cc [0x000002c8d71311c0+0x000000000000010c]
v  ~StubRoutines::call_stub
j  org.testng.TestRunner.lambda$privateRun$1([Lorg/testng/ITestNGMethod;Ljava/util/concurrent/atomic/AtomicReference;)V+5
j  org.testng.TestRunner$$Lambda$592+0x0000000800e24238.execute()V+12
j  org.testng.util.TimeUtils.computeAndShowTime(Ljava/lang/String;Lorg/testng/util/TimeUtils$Task;)V+5
j  org.testng.TestRunner.privateRun(Lorg/testng/xml/XmlTest;)V+38
j  org.testng.TestRunner.run()V+25
j  org.testng.SuiteRunner.runTest(Lorg/testng/TestRunner;)V+21
j  org.testng.SuiteRunner.runSequentially()V+31
j  org.testng.SuiteRunner.privateRun()V+340
j  org.testng.SuiteRunner.run()V+6
j  org.testng.SuiteRunnerWorker.runSuite(Lorg/testng/internal/invokers/SuiteRunnerMap;Lorg/testng/xml/XmlSuite;)V+56
j  org.testng.SuiteRunnerWorker.run()V+12
j  org.testng.TestNG.runSuitesSequentially(Lorg/testng/xml/XmlSuite;Lorg/testng/internal/invokers/SuiteRunnerMap;ILjava/lang/String;)V+66
j  org.testng.TestNG.runSuitesLocally()Ljava/util/List;+202
j  org.testng.TestNG.runSuites()Ljava/util/List;+1
j  org.testng.TestNG.run()V+25
j  com.intellij.rt.testng.IDEARemoteTestNG.run()V+270
j  com.intellij.rt.testng.RemoteTestNGStarter.main([Ljava/lang/String;)V+536
v  ~StubRoutines::call_stub

---------------  P R O C E S S  ---------------

Threads class SMR info:
_java_thread_list=0x000002c8f3c86020, length=27, elements={
0x000002c8cf2315f0, 0x000002c8f1de3ca0, 0x000002c8f1de6a30, 0x000002c8f1df6010,
0x000002c8f1df8de0, 0x000002c8f1df96a0, 0x000002c8f1dfaf70, 0x000002c8f1dfe3d0,
0x000002c8f1e0dcb0, 0x000002c8f2800480, 0x000002c8f1dcc2b0, 0x000002c8f29997f0,
0x000002c8f2999cc0, 0x000002c8f33cc0a0, 0x000002c8f37d1c90, 0x000002c8f3a583d0,
0x000002c8f3a50e90, 0x000002c8f3a51360, 0x000002c8f347a500, 0x000002c8f355ebd0,
0x000002c8f355fa40, 0x000002c8f355ff10, 0x000002c8f355e700, 0x000002c8f355f570,
0x000002c8f355f0a0, 0x000002c8f3d3cdf0, 0x000002c8f3d3c920
}

Java Threads: ( => current thread )
=>0x000002c8cf2315f0 JavaThread "main" [_thread_in_vm, id=18580, stack(0x000000cf79800000,0x000000cf79900000)]
  0x000002c8f1de3ca0 JavaThread "Reference Handler" daemon [_thread_blocked, id=19228, stack(0x000000cf79f00000,0x000000cf7a000000)]
  0x000002c8f1de6a30 JavaThread "Finalizer" daemon [_thread_blocked, id=17520, stack(0x000000cf7a000000,0x000000cf7a100000)]
  0x000002c8f1df6010 JavaThread "Signal Dispatcher" daemon [_thread_blocked, id=19388, stack(0x000000cf7a100000,0x000000cf7a200000)]
  0x000002c8f1df8de0 JavaThread "Attach Listener" daemon [_thread_blocked, id=14964, stack(0x000000cf7a200000,0x000000cf7a300000)]
  0x000002c8f1df96a0 JavaThread "Service Thread" daemon [_thread_blocked, id=10872, stack(0x000000cf7a300000,0x000000cf7a400000)]
  0x000002c8f1dfaf70 JavaThread "Monitor Deflation Thread" daemon [_thread_blocked, id=14688, stack(0x000000cf7a400000,0x000000cf7a500000)]
  0x000002c8f1dfe3d0 JavaThread "C2 CompilerThread0" daemon [_thread_blocked, id=21136, stack(0x000000cf7a500000,0x000000cf7a600000)]
  0x000002c8f1e0dcb0 JavaThread "C1 CompilerThread0" daemon [_thread_blocked, id=14124, stack(0x000000cf7a600000,0x000000cf7a700000)]
  0x000002c8f2800480 JavaThread "Sweeper thread" daemon [_thread_blocked, id=12112, stack(0x000000cf7a700000,0x000000cf7a800000)]
  0x000002c8f1dcc2b0 JavaThread "Common-Cleaner" daemon [_thread_blocked, id=7328, stack(0x000000cf7a800000,0x000000cf7a900000)]
  0x000002c8f29997f0 JavaThread "Monitor Ctrl-Break" daemon [_thread_in_native, id=21260, stack(0x000000cf7a900000,0x000000cf7aa00000)]
  0x000002c8f2999cc0 JavaThread "Notification Thread" daemon [_thread_blocked, id=9024, stack(0x000000cf7aa00000,0x000000cf7ab00000)]
  0x000002c8f33cc0a0 JavaThread "ForkJoinPool.commonPool-worker-1" daemon [_thread_blocked, id=11360, stack(0x000000cf7b300000,0x000000cf7b400000)]
  0x000002c8f37d1c90 JavaThread "HttpClient-1-SelectorManager" daemon [_thread_in_native, id=16448, stack(0x000000cf7b600000,0x000000cf7b700000)]
  0x000002c8f3a583d0 JavaThread "External Process Output Forwarder - C:\Users\Svetlana Abramova\.cache\selenium\chromedriver\win64\123.0.6312.86\chromedriver.exe" daemon [_thread_in_native, id=8376, stack(0x000000cf7b700000,0x000000cf7b800000)]
  0x000002c8f3a50e90 JavaThread "Driver Service Executor" daemon [_thread_blocked, id=3232, stack(0x000000cf7b800000,0x000000cf7b900000)]
  0x000002c8f3a51360 JavaThread "Driver Service Executor" daemon [_thread_in_native, id=20464, stack(0x000000cf7b900000,0x000000cf7ba00000)]
  0x000002c8f347a500 JavaThread "UrlChecker-2" daemon [_thread_blocked, id=20400, stack(0x000000cf7ba00000,0x000000cf7bb00000)]
  0x000002c8f355ebd0 JavaThread "Keep-Alive-Timer" daemon [_thread_blocked, id=21404, stack(0x000000cf7bc00000,0x000000cf7bd00000)]
  0x000002c8f355fa40 JavaThread "pool-1-thread-1" [_thread_blocked, id=18436, stack(0x000000cf7bd00000,0x000000cf7be00000)]
  0x000002c8f355ff10 JavaThread "pool-1-thread-2" [_thread_blocked, id=12476, stack(0x000000cf7be00000,0x000000cf7bf00000)]
  0x000002c8f355e700 JavaThread "pool-1-thread-3" [_thread_blocked, id=12312, stack(0x000000cf7bf00000,0x000000cf7c000000)]
  0x000002c8f355f570 JavaThread "HttpClient-2-SelectorManager" daemon [_thread_in_native, id=22980, stack(0x000000cf7b400000,0x000000cf7b500000)]
  0x000002c8f355f0a0 JavaThread "pool-2-thread-1" [_thread_blocked, id=22984, stack(0x000000cf7b500000,0x000000cf7b600000)]
  0x000002c8f3d3cdf0 JavaThread "pool-2-thread-2" [_thread_blocked, id=22996, stack(0x000000cf7c000000,0x000000cf7c100000)]
  0x000002c8f3d3c920 JavaThread "pool-2-thread-3" [_thread_blocked, id=23000, stack(0x000000cf7c100000,0x000000cf7c200000)]

Other Threads:
  0x000002c8f1ddb180 VMThread "VM Thread" [stack: 0x000000cf79e00000,0x000000cf79f00000] [id=5792]
  0x000002c8cf2afff0 WatcherThread [stack: 0x000000cf7ab00000,0x000000cf7ac00000] [id=17584]
  0x000002c8cf29cee0 GCTaskThread "GC Thread#0" [stack: 0x000000cf79900000,0x000000cf79a00000] [id=21184]
  0x000002c8f35665b0 GCTaskThread "GC Thread#1" [stack: 0x000000cf7ac00000,0x000000cf7ad00000] [id=20404]
  0x000002c8f354f810 GCTaskThread "GC Thread#2" [stack: 0x000000cf7ad00000,0x000000cf7ae00000] [id=5356]
  0x000002c8f3562ee0 GCTaskThread "GC Thread#3" [stack: 0x000000cf7ae00000,0x000000cf7af00000] [id=21156]
  0x000002c8f3563190 GCTaskThread "GC Thread#4" [stack: 0x000000cf7af00000,0x000000cf7b000000] [id=7560]
  0x000002c8f3e48870 GCTaskThread "GC Thread#5" [stack: 0x000000cf7b000000,0x000000cf7b100000] [id=20408]
  0x000002c8f3482170 GCTaskThread "GC Thread#6" [stack: 0x000000cf7b100000,0x000000cf7b200000] [id=14444]
  0x000002c8cf2a9a20 ConcurrentGCThread "G1 Main Marker" [stack: 0x000000cf79a00000,0x000000cf79b00000] [id=21532]
  0x000002c8cd17ea10 ConcurrentGCThread "G1 Conc#0" [stack: 0x000000cf79b00000,0x000000cf79c00000] [id=18956]
  0x000002c8f1c944f0 ConcurrentGCThread "G1 Refine#0" [stack: 0x000000cf79c00000,0x000000cf79d00000] [id=15856]
  0x000002c8f3e43d20 ConcurrentGCThread "G1 Refine#1" [stack: 0x000000cf7b200000,0x000000cf7b300000] [id=10068]
  0x000002c8cf2fe030 ConcurrentGCThread "G1 Service" [stack: 0x000000cf79d00000,0x000000cf79e00000] [id=20868]

Threads with active compile tasks:

VM state: not at safepoint (normal execution)

VM Mutex/Monitor currently owned by a thread:  ([mutex/lock_event])
[0x000002c8cf22c390] Metaspace_lock - owner thread: 0x000002c8cf2315f0

Heap address: 0x0000000704000000, size: 4032 MB, Compressed Oops mode: Zero based, Oop shift amount: 3

CDS archive(s) mapped at: [0x0000000800000000-0x0000000800bc0000-0x0000000800bc0000), size 12320768, SharedBaseAddress: 0x0000000800000000, ArchiveRelocationMode: 0.
Compressed class space mapped at: 0x0000000800c00000-0x0000000840c00000, reserved size: 1073741824
Narrow klass base: 0x0000000800000000, Narrow klass shift: 0, Narrow klass range: 0x100000000

GC Precious Log:
 CPUs: 8 total, 8 available
 Memory: 16125M
 Large Page Support: Disabled
 NUMA Support: Disabled
 Compressed Oops: Enabled (Zero based)
 Heap Region Size: 2M
 Heap Min Capacity: 8M
 Heap Initial Capacity: 252M
 Heap Max Capacity: 4032M
 Pre-touch: Disabled
 Parallel Workers: 8
 Concurrent Workers: 2
 Concurrent Refinement Workers: 8
 Periodic GC: Disabled

Heap:
 garbage-first heap   total 258048K, used 26517K [0x0000000704000000, 0x0000000800000000)
  region size 2048K, 13 young (26624K), 2 survivors (4096K)
 Metaspace       used 15475K, committed 15808K, reserved 1064960K
  class space    used 1899K, committed 2048K, reserved 1048576K

Heap Regions: E=young(eden), S=young(survivor), O=old, HS=humongous(starts), HC=humongous(continues), CS=collection set, F=free, OA=open archive, CA=closed archive, TAMS=top-at-mark-start (previous, next)
|   0|0x0000000704000000, 0x00000007041e5400, 0x0000000704200000| 94%| O|  |TAMS 0x0000000704000000, 0x0000000704000000| Untracked 
|   1|0x0000000704200000, 0x0000000704200000, 0x0000000704400000|  0%| F|  |TAMS 0x0000000704200000, 0x0000000704200000| Untracked 
|   2|0x0000000704400000, 0x0000000704400000, 0x0000000704600000|  0%| F|  |TAMS 0x0000000704400000, 0x0000000704400000| Untracked 
|   3|0x0000000704600000, 0x0000000704600000, 0x0000000704800000|  0%| F|  |TAMS 0x0000000704600000, 0x0000000704600000| Untracked 
|   4|0x0000000704800000, 0x0000000704800000, 0x0000000704a00000|  0%| F|  |TAMS 0x0000000704800000, 0x0000000704800000| Untracked 
|   5|0x0000000704a00000, 0x0000000704a00000, 0x0000000704c00000|  0%| F|  |TAMS 0x0000000704a00000, 0x0000000704a00000| Untracked 
|   6|0x0000000704c00000, 0x0000000704c00000, 0x0000000704e00000|  0%| F|  |TAMS 0x0000000704c00000, 0x0000000704c00000| Untracked 
|   7|0x0000000704e00000, 0x0000000704e00000, 0x0000000705000000|  0%| F|  |TAMS 0x0000000704e00000, 0x0000000704e00000| Untracked 
|   8|0x0000000705000000, 0x0000000705000000, 0x0000000705200000|  0%| F|  |TAMS 0x0000000705000000, 0x0000000705000000| Untracked 
|   9|0x0000000705200000, 0x0000000705200000, 0x0000000705400000|  0%| F|  |TAMS 0x0000000705200000, 0x0000000705200000| Untracked 
|  10|0x0000000705400000, 0x0000000705400000, 0x0000000705600000|  0%| F|  |TAMS 0x0000000705400000, 0x0000000705400000| Untracked 
|  11|0x0000000705600000, 0x0000000705600000, 0x0000000705800000|  0%| F|  |TAMS 0x0000000705600000, 0x0000000705600000| Untracked 
|  12|0x0000000705800000, 0x0000000705800000, 0x0000000705a00000|  0%| F|  |TAMS 0x0000000705800000, 0x0000000705800000| Untracked 
|  13|0x0000000705a00000, 0x0000000705a00000, 0x0000000705c00000|  0%| F|  |TAMS 0x0000000705a00000, 0x0000000705a00000| Untracked 
|  14|0x0000000705c00000, 0x0000000705c00000, 0x0000000705e00000|  0%| F|  |TAMS 0x0000000705c00000, 0x0000000705c00000| Untracked 
|  15|0x0000000705e00000, 0x0000000705e00000, 0x0000000706000000|  0%| F|  |TAMS 0x0000000705e00000, 0x0000000705e00000| Untracked 
|  16|0x0000000706000000, 0x0000000706000000, 0x0000000706200000|  0%| F|  |TAMS 0x0000000706000000, 0x0000000706000000| Untracked 
|  17|0x0000000706200000, 0x0000000706200000, 0x0000000706400000|  0%| F|  |TAMS 0x0000000706200000, 0x0000000706200000| Untracked 
|  18|0x0000000706400000, 0x0000000706400000, 0x0000000706600000|  0%| F|  |TAMS 0x0000000706400000, 0x0000000706400000| Untracked 
|  19|0x0000000706600000, 0x0000000706600000, 0x0000000706800000|  0%| F|  |TAMS 0x0000000706600000, 0x0000000706600000| Untracked 
|  20|0x0000000706800000, 0x0000000706800000, 0x0000000706a00000|  0%| F|  |TAMS 0x0000000706800000, 0x0000000706800000| Untracked 
|  21|0x0000000706a00000, 0x0000000706a00000, 0x0000000706c00000|  0%| F|  |TAMS 0x0000000706a00000, 0x0000000706a00000| Untracked 
|  22|0x0000000706c00000, 0x0000000706c00000, 0x0000000706e00000|  0%| F|  |TAMS 0x0000000706c00000, 0x0000000706c00000| Untracked 
|  23|0x0000000706e00000, 0x0000000706e00000, 0x0000000707000000|  0%| F|  |TAMS 0x0000000706e00000, 0x0000000706e00000| Untracked 
|  24|0x0000000707000000, 0x0000000707000000, 0x0000000707200000|  0%| F|  |TAMS 0x0000000707000000, 0x0000000707000000| Untracked 
|  25|0x0000000707200000, 0x0000000707200000, 0x0000000707400000|  0%| F|  |TAMS 0x0000000707200000, 0x0000000707200000| Untracked 
|  26|0x0000000707400000, 0x0000000707400000, 0x0000000707600000|  0%| F|  |TAMS 0x0000000707400000, 0x0000000707400000| Untracked 
|  27|0x0000000707600000, 0x0000000707600000, 0x0000000707800000|  0%| F|  |TAMS 0x0000000707600000, 0x0000000707600000| Untracked 
|  28|0x0000000707800000, 0x0000000707800000, 0x0000000707a00000|  0%| F|  |TAMS 0x0000000707800000, 0x0000000707800000| Untracked 
|  29|0x0000000707a00000, 0x0000000707a00000, 0x0000000707c00000|  0%| F|  |TAMS 0x0000000707a00000, 0x0000000707a00000| Untracked 
|  30|0x0000000707c00000, 0x0000000707c00000, 0x0000000707e00000|  0%| F|  |TAMS 0x0000000707c00000, 0x0000000707c00000| Untracked 
|  31|0x0000000707e00000, 0x0000000707e00000, 0x0000000708000000|  0%| F|  |TAMS 0x0000000707e00000, 0x0000000707e00000| Untracked 
|  32|0x0000000708000000, 0x0000000708000000, 0x0000000708200000|  0%| F|  |TAMS 0x0000000708000000, 0x0000000708000000| Untracked 
|  33|0x0000000708200000, 0x0000000708200000, 0x0000000708400000|  0%| F|  |TAMS 0x0000000708200000, 0x0000000708200000| Untracked 
|  34|0x0000000708400000, 0x0000000708400000, 0x0000000708600000|  0%| F|  |TAMS 0x0000000708400000, 0x0000000708400000| Untracked 
|  35|0x0000000708600000, 0x0000000708600000, 0x0000000708800000|  0%| F|  |TAMS 0x0000000708600000, 0x0000000708600000| Untracked 
|  36|0x0000000708800000, 0x0000000708800000, 0x0000000708a00000|  0%| F|  |TAMS 0x0000000708800000, 0x0000000708800000| Untracked 
|  37|0x0000000708a00000, 0x0000000708a00000, 0x0000000708c00000|  0%| F|  |TAMS 0x0000000708a00000, 0x0000000708a00000| Untracked 
|  38|0x0000000708c00000, 0x0000000708c00000, 0x0000000708e00000|  0%| F|  |TAMS 0x0000000708c00000, 0x0000000708c00000| Untracked 
|  39|0x0000000708e00000, 0x0000000708e00000, 0x0000000709000000|  0%| F|  |TAMS 0x0000000708e00000, 0x0000000708e00000| Untracked 
|  40|0x0000000709000000, 0x0000000709000000, 0x0000000709200000|  0%| F|  |TAMS 0x0000000709000000, 0x0000000709000000| Untracked 
|  41|0x0000000709200000, 0x0000000709200000, 0x0000000709400000|  0%| F|  |TAMS 0x0000000709200000, 0x0000000709200000| Untracked 
|  42|0x0000000709400000, 0x0000000709400000, 0x0000000709600000|  0%| F|  |TAMS 0x0000000709400000, 0x0000000709400000| Untracked 
|  43|0x0000000709600000, 0x0000000709600000, 0x0000000709800000|  0%| F|  |TAMS 0x0000000709600000, 0x0000000709600000| Untracked 
|  44|0x0000000709800000, 0x0000000709800000, 0x0000000709a00000|  0%| F|  |TAMS 0x0000000709800000, 0x0000000709800000| Untracked 
|  45|0x0000000709a00000, 0x0000000709a00000, 0x0000000709c00000|  0%| F|  |TAMS 0x0000000709a00000, 0x0000000709a00000| Untracked 
|  46|0x0000000709c00000, 0x0000000709c00000, 0x0000000709e00000|  0%| F|  |TAMS 0x0000000709c00000, 0x0000000709c00000| Untracked 
|  47|0x0000000709e00000, 0x0000000709e00000, 0x000000070a000000|  0%| F|  |TAMS 0x0000000709e00000, 0x0000000709e00000| Untracked 
|  48|0x000000070a000000, 0x000000070a000000, 0x000000070a200000|  0%| F|  |TAMS 0x000000070a000000, 0x000000070a000000| Untracked 
|  49|0x000000070a200000, 0x000000070a200000, 0x000000070a400000|  0%| F|  |TAMS 0x000000070a200000, 0x000000070a200000| Untracked 
|  50|0x000000070a400000, 0x000000070a400000, 0x000000070a600000|  0%| F|  |TAMS 0x000000070a400000, 0x000000070a400000| Untracked 
|  51|0x000000070a600000, 0x000000070a600000, 0x000000070a800000|  0%| F|  |TAMS 0x000000070a600000, 0x000000070a600000| Untracked 
|  52|0x000000070a800000, 0x000000070a800000, 0x000000070aa00000|  0%| F|  |TAMS 0x000000070a800000, 0x000000070a800000| Untracked 
|  53|0x000000070aa00000, 0x000000070aa00000, 0x000000070ac00000|  0%| F|  |TAMS 0x000000070aa00000, 0x000000070aa00000| Untracked 
|  54|0x000000070ac00000, 0x000000070ac00000, 0x000000070ae00000|  0%| F|  |TAMS 0x000000070ac00000, 0x000000070ac00000| Untracked 
|  55|0x000000070ae00000, 0x000000070ae00000, 0x000000070b000000|  0%| F|  |TAMS 0x000000070ae00000, 0x000000070ae00000| Untracked 
|  56|0x000000070b000000, 0x000000070b000000, 0x000000070b200000|  0%| F|  |TAMS 0x000000070b000000, 0x000000070b000000| Untracked 
|  57|0x000000070b200000, 0x000000070b200000, 0x000000070b400000|  0%| F|  |TAMS 0x000000070b200000, 0x000000070b200000| Untracked 
|  58|0x000000070b400000, 0x000000070b400000, 0x000000070b600000|  0%| F|  |TAMS 0x000000070b400000, 0x000000070b400000| Untracked 
|  59|0x000000070b600000, 0x000000070b600000, 0x000000070b800000|  0%| F|  |TAMS 0x000000070b600000, 0x000000070b600000| Untracked 
|  60|0x000000070b800000, 0x000000070b800000, 0x000000070ba00000|  0%| F|  |TAMS 0x000000070b800000, 0x000000070b800000| Untracked 
|  61|0x000000070ba00000, 0x000000070ba00000, 0x000000070bc00000|  0%| F|  |TAMS 0x000000070ba00000, 0x000000070ba00000| Untracked 
|  62|0x000000070bc00000, 0x000000070bc00000, 0x000000070be00000|  0%| F|  |TAMS 0x000000070bc00000, 0x000000070bc00000| Untracked 
|  63|0x000000070be00000, 0x000000070be00000, 0x000000070c000000|  0%| F|  |TAMS 0x000000070be00000, 0x000000070be00000| Untracked 
|  64|0x000000070c000000, 0x000000070c000000, 0x000000070c200000|  0%| F|  |TAMS 0x000000070c000000, 0x000000070c000000| Untracked 
|  65|0x000000070c200000, 0x000000070c200000, 0x000000070c400000|  0%| F|  |TAMS 0x000000070c200000, 0x000000070c200000| Untracked 
|  66|0x000000070c400000, 0x000000070c400000, 0x000000070c600000|  0%| F|  |TAMS 0x000000070c400000, 0x000000070c400000| Untracked 
|  67|0x000000070c600000, 0x000000070c600000, 0x000000070c800000|  0%| F|  |TAMS 0x000000070c600000, 0x000000070c600000| Untracked 
|  68|0x000000070c800000, 0x000000070c800000, 0x000000070ca00000|  0%| F|  |TAMS 0x000000070c800000, 0x000000070c800000| Untracked 
|  69|0x000000070ca00000, 0x000000070ca00000, 0x000000070cc00000|  0%| F|  |TAMS 0x000000070ca00000, 0x000000070ca00000| Untracked 
|  70|0x000000070cc00000, 0x000000070cc00000, 0x000000070ce00000|  0%| F|  |TAMS 0x000000070cc00000, 0x000000070cc00000| Untracked 
|  71|0x000000070ce00000, 0x000000070ce00000, 0x000000070d000000|  0%| F|  |TAMS 0x000000070ce00000, 0x000000070ce00000| Untracked 
|  72|0x000000070d000000, 0x000000070d000000, 0x000000070d200000|  0%| F|  |TAMS 0x000000070d000000, 0x000000070d000000| Untracked 
|  73|0x000000070d200000, 0x000000070d200000, 0x000000070d400000|  0%| F|  |TAMS 0x000000070d200000, 0x000000070d200000| Untracked 
|  74|0x000000070d400000, 0x000000070d400000, 0x000000070d600000|  0%| F|  |TAMS 0x000000070d400000, 0x000000070d400000| Untracked 
|  75|0x000000070d600000, 0x000000070d600000, 0x000000070d800000|  0%| F|  |TAMS 0x000000070d600000, 0x000000070d600000| Untracked 
|  76|0x000000070d800000, 0x000000070d800000, 0x000000070da00000|  0%| F|  |TAMS 0x000000070d800000, 0x000000070d800000| Untracked 
|  77|0x000000070da00000, 0x000000070da00000, 0x000000070dc00000|  0%| F|  |TAMS 0x000000070da00000, 0x000000070da00000| Untracked 
|  78|0x000000070dc00000, 0x000000070dc00000, 0x000000070de00000|  0%| F|  |TAMS 0x000000070dc00000, 0x000000070dc00000| Untracked 
|  79|0x000000070de00000, 0x000000070de00000, 0x000000070e000000|  0%| F|  |TAMS 0x000000070de00000, 0x000000070de00000| Untracked 
|  80|0x000000070e000000, 0x000000070e000000, 0x000000070e200000|  0%| F|  |TAMS 0x000000070e000000, 0x000000070e000000| Untracked 
|  81|0x000000070e200000, 0x000000070e200000, 0x000000070e400000|  0%| F|  |TAMS 0x000000070e200000, 0x000000070e200000| Untracked 
|  82|0x000000070e400000, 0x000000070e400000, 0x000000070e600000|  0%| F|  |TAMS 0x000000070e400000, 0x000000070e400000| Untracked 
|  83|0x000000070e600000, 0x000000070e600000, 0x000000070e800000|  0%| F|  |TAMS 0x000000070e600000, 0x000000070e600000| Untracked 
|  84|0x000000070e800000, 0x000000070e800000, 0x000000070ea00000|  0%| F|  |TAMS 0x000000070e800000, 0x000000070e800000| Untracked 
|  85|0x000000070ea00000, 0x000000070ea00000, 0x000000070ec00000|  0%| F|  |TAMS 0x000000070ea00000, 0x000000070ea00000| Untracked 
|  86|0x000000070ec00000, 0x000000070ec00000, 0x000000070ee00000|  0%| F|  |TAMS 0x000000070ec00000, 0x000000070ec00000| Untracked 
|  87|0x000000070ee00000, 0x000000070ee00000, 0x000000070f000000|  0%| F|  |TAMS 0x000000070ee00000, 0x000000070ee00000| Untracked 
|  88|0x000000070f000000, 0x000000070f000000, 0x000000070f200000|  0%| F|  |TAMS 0x000000070f000000, 0x000000070f000000| Untracked 
|  89|0x000000070f200000, 0x000000070f200000, 0x000000070f400000|  0%| F|  |TAMS 0x000000070f200000, 0x000000070f200000| Untracked 
|  90|0x000000070f400000, 0x000000070f400000, 0x000000070f600000|  0%| F|  |TAMS 0x000000070f400000, 0x000000070f400000| Untracked 
|  91|0x000000070f600000, 0x000000070f600000, 0x000000070f800000|  0%| F|  |TAMS 0x000000070f600000, 0x000000070f600000| Untracked 
|  92|0x000000070f800000, 0x000000070f800000, 0x000000070fa00000|  0%| F|  |TAMS 0x000000070f800000, 0x000000070f800000| Untracked 
|  93|0x000000070fa00000, 0x000000070fa00000, 0x000000070fc00000|  0%| F|  |TAMS 0x000000070fa00000, 0x000000070fa00000| Untracked 
|  94|0x000000070fc00000, 0x000000070fc00000, 0x000000070fe00000|  0%| F|  |TAMS 0x000000070fc00000, 0x000000070fc00000| Untracked 
|  95|0x000000070fe00000, 0x000000070fe00000, 0x0000000710000000|  0%| F|  |TAMS 0x000000070fe00000, 0x000000070fe00000| Untracked 
|  96|0x0000000710000000, 0x0000000710000000, 0x0000000710200000|  0%| F|  |TAMS 0x0000000710000000, 0x0000000710000000| Untracked 
|  97|0x0000000710200000, 0x0000000710200000, 0x0000000710400000|  0%| F|  |TAMS 0x0000000710200000, 0x0000000710200000| Untracked 
|  98|0x0000000710400000, 0x0000000710400000, 0x0000000710600000|  0%| F|  |TAMS 0x0000000710400000, 0x0000000710400000| Untracked 
|  99|0x0000000710600000, 0x0000000710600000, 0x0000000710800000|  0%| F|  |TAMS 0x0000000710600000, 0x0000000710600000| Untracked 
| 100|0x0000000710800000, 0x0000000710800000, 0x0000000710a00000|  0%| F|  |TAMS 0x0000000710800000, 0x0000000710800000| Untracked 
| 101|0x0000000710a00000, 0x0000000710a00000, 0x0000000710c00000|  0%| F|  |TAMS 0x0000000710a00000, 0x0000000710a00000| Untracked 
| 102|0x0000000710c00000, 0x0000000710c00000, 0x0000000710e00000|  0%| F|  |TAMS 0x0000000710c00000, 0x0000000710c00000| Untracked 
| 103|0x0000000710e00000, 0x0000000710e00000, 0x0000000711000000|  0%| F|  |TAMS 0x0000000710e00000, 0x0000000710e00000| Untracked 
| 104|0x0000000711000000, 0x0000000711000000, 0x0000000711200000|  0%| F|  |TAMS 0x0000000711000000, 0x0000000711000000| Untracked 
| 105|0x0000000711200000, 0x0000000711200000, 0x0000000711400000|  0%| F|  |TAMS 0x0000000711200000, 0x0000000711200000| Untracked 
| 106|0x0000000711400000, 0x0000000711400000, 0x0000000711600000|  0%| F|  |TAMS 0x0000000711400000, 0x0000000711400000| Untracked 
| 107|0x0000000711600000, 0x0000000711600000, 0x0000000711800000|  0%| F|  |TAMS 0x0000000711600000, 0x0000000711600000| Untracked 
| 108|0x0000000711800000, 0x0000000711800000, 0x0000000711a00000|  0%| F|  |TAMS 0x0000000711800000, 0x0000000711800000| Untracked 
| 109|0x0000000711a00000, 0x0000000711a00000, 0x0000000711c00000|  0%| F|  |TAMS 0x0000000711a00000, 0x0000000711a00000| Untracked 
| 110|0x0000000711c00000, 0x0000000711c00000, 0x0000000711e00000|  0%| F|  |TAMS 0x0000000711c00000, 0x0000000711c00000| Untracked 
| 111|0x0000000711e00000, 0x0000000711e00000, 0x0000000712000000|  0%| F|  |TAMS 0x0000000711e00000, 0x0000000711e00000| Untracked 
| 112|0x0000000712000000, 0x0000000712000000, 0x0000000712200000|  0%| F|  |TAMS 0x0000000712000000, 0x0000000712000000| Untracked 
| 113|0x0000000712200000, 0x0000000712400000, 0x0000000712400000|100%| S|CS|TAMS 0x0000000712200000, 0x0000000712200000| Complete 
| 114|0x0000000712400000, 0x0000000712600000, 0x0000000712600000|100%| S|CS|TAMS 0x0000000712400000, 0x0000000712400000| Complete 
| 115|0x0000000712600000, 0x00000007127feb10, 0x0000000712800000| 99%| E|  |TAMS 0x0000000712600000, 0x0000000712600000| Complete 
| 116|0x0000000712800000, 0x0000000712a00000, 0x0000000712a00000|100%| E|CS|TAMS 0x0000000712800000, 0x0000000712800000| Complete 
| 117|0x0000000712a00000, 0x0000000712c00000, 0x0000000712c00000|100%| E|CS|TAMS 0x0000000712a00000, 0x0000000712a00000| Complete 
| 118|0x0000000712c00000, 0x0000000712e00000, 0x0000000712e00000|100%| E|CS|TAMS 0x0000000712c00000, 0x0000000712c00000| Complete 
| 119|0x0000000712e00000, 0x0000000713000000, 0x0000000713000000|100%| E|CS|TAMS 0x0000000712e00000, 0x0000000712e00000| Complete 
| 120|0x0000000713000000, 0x0000000713200000, 0x0000000713200000|100%| E|CS|TAMS 0x0000000713000000, 0x0000000713000000| Complete 
| 121|0x0000000713200000, 0x0000000713400000, 0x0000000713400000|100%| E|CS|TAMS 0x0000000713200000, 0x0000000713200000| Complete 
| 122|0x0000000713400000, 0x0000000713600000, 0x0000000713600000|100%| E|CS|TAMS 0x0000000713400000, 0x0000000713400000| Complete 
| 123|0x0000000713600000, 0x0000000713800000, 0x0000000713800000|100%| E|CS|TAMS 0x0000000713600000, 0x0000000713600000| Complete 
| 124|0x0000000713800000, 0x0000000713a00000, 0x0000000713a00000|100%| E|CS|TAMS 0x0000000713800000, 0x0000000713800000| Complete 
| 125|0x0000000713a00000, 0x0000000713c00000, 0x0000000713c00000|100%| E|CS|TAMS 0x0000000713a00000, 0x0000000713a00000| Complete 

Card table byte_map: [0x000002c8e65c0000,0x000002c8e6da0000] _byte_map_base: 0x000002c8e2da0000

Marking Bits (Prev, Next): (CMBitMap*) 0x000002c8cf29d400, (CMBitMap*) 0x000002c8cf29d440
 Prev Bits: [0x000002c8e7580000, 0x000002c8eb480000)
 Next Bits: [0x000002c8eb480000, 0x000002c8ef380000)

Polling page: 0x000002c8cd1a0000

Metaspace:

Usage:
  Non-class:     13.26 MB used.
      Class:      1.85 MB used.
       Both:     15.11 MB used.

Virtual space:
  Non-class space:       16.00 MB reserved,      13.44 MB ( 84%) committed,  2 nodes.
      Class space:        1.00 GB reserved,       2.00 MB ( <1%) committed,  1 nodes.
             Both:        1.02 GB reserved,      15.44 MB (  1%) committed. 

Chunk freelists:
   Non-Class:  1.80 MB
       Class:  1.85 MB
        Both:  3.65 MB

MaxMetaspaceSize: unlimited
CompressedClassSpaceSize: 1.00 GB
Initial GC threshold: 21.00 MB
Current GC threshold: 21.00 MB
CDS: on
MetaspaceReclaimPolicy: balanced
 - commit_granule_bytes: 65536.
 - commit_granule_words: 8192.
 - virtual_space_node_default_size: 1048576.
 - enlarge_chunks_in_place: 1.
 - new_chunks_are_fully_committed: 0.
 - uncommit_free_chunks: 1.
 - use_allocation_guard: 0.
 - handle_deallocations: 1.


Internal statistics:

num_allocs_failed_limit: 0.
num_arena_births: 348.
num_arena_deaths: 0.
num_vsnodes_births: 3.
num_vsnodes_deaths: 0.
num_space_committed: 247.
num_space_uncommitted: 0.
num_chunks_returned_to_freelist: 0.
num_chunks_taken_from_freelist: 722.
num_chunk_merges: 0.
num_chunk_splits: 438.
num_chunks_enlarged: 278.
num_purges: 0.
num_inconsistent_stats: 0.

CodeHeap 'non-profiled nmethods': size=120000Kb used=819Kb max_used=819Kb free=119180Kb
 bounds [0x000002c8de570000, 0x000002c8de7e0000, 0x000002c8e5aa0000]
CodeHeap 'profiled nmethods': size=120000Kb used=4067Kb max_used=4067Kb free=115932Kb
 bounds [0x000002c8d7040000, 0x000002c8d7440000, 0x000002c8de570000]
CodeHeap 'non-nmethods': size=5760Kb used=1238Kb max_used=1263Kb free=4521Kb
 bounds [0x000002c8d6aa0000, 0x000002c8d6d10000, 0x000002c8d7040000]
 total_blobs=2605 nmethods=2061 adapters=456
 compilation: enabled
              stopped_count=0, restarted_count=0
 full_count=0

Compilation events (20 events):
Event: 3.129 Thread 0x000002c8f1e0dcb0 2050       3       java.lang.invoke.BoundMethodHandle$Species_L::speciesData (4 bytes)
Event: 3.129 Thread 0x000002c8f1e0dcb0 nmethod 2050 0x000002c8d7436290 code [0x000002c8d7436420, 0x000002c8d7436538]
Event: 3.130 Thread 0x000002c8f1dfe3d0 nmethod 2049 0x000002c8de63a510 code [0x000002c8de63a6e0, 0x000002c8de63ad50]
Event: 3.131 Thread 0x000002c8f1dfe3d0 2051       4       jdk.internal.org.objectweb.asm.MethodWriter::visitCode (1 bytes)
Event: 3.131 Thread 0x000002c8f1e0dcb0 2052       1       java.lang.invoke.ClassSpecializer$SpeciesData::getterFunctions (5 bytes)
Event: 3.131 Thread 0x000002c8f1dfe3d0 nmethod 2051 0x000002c8de63b210 code [0x000002c8de63b380, 0x000002c8de63b3f8]
Event: 3.131 Thread 0x000002c8f1e0dcb0 nmethod 2052 0x000002c8de63b510 code [0x000002c8de63b6a0, 0x000002c8de63b778]
Event: 3.132 Thread 0x000002c8f1e0dcb0 2053       3       java.lang.invoke.InvokerBytecodeGenerator::assertStaticType (58 bytes)
Event: 3.132 Thread 0x000002c8f1e0dcb0 nmethod 2053 0x000002c8d7436610 code [0x000002c8d7436800, 0x000002c8d7436d18]
Event: 3.132 Thread 0x000002c8f1e0dcb0 2055       3       java.lang.invoke.LambdaForm::<init> (115 bytes)
Event: 3.132 Thread 0x000002c8f1dfe3d0 2059       4       java.lang.invoke.LambdaForm$Name::useCount (51 bytes)
Event: 3.133 Thread 0x000002c8f1e0dcb0 nmethod 2055 0x000002c8d7436f10 code [0x000002c8d7437100, 0x000002c8d74377a8]
Event: 3.133 Thread 0x000002c8f1e0dcb0 2056       3       java.lang.invoke.LambdaForm::fixResult (31 bytes)
Event: 3.133 Thread 0x000002c8f1e0dcb0 nmethod 2056 0x000002c8d7437a10 code [0x000002c8d7437bc0, 0x000002c8d7437db8]
Event: 3.133 Thread 0x000002c8f1e0dcb0 2061       3       java.lang.invoke.MemberName::isProtected (8 bytes)
Event: 3.133 Thread 0x000002c8f1e0dcb0 nmethod 2061 0x000002c8d7437f10 code [0x000002c8d74380a0, 0x000002c8d7438278]
Event: 3.133 Thread 0x000002c8f1e0dcb0 2058       3       java.lang.invoke.InvokerBytecodeGenerator::generateCustomizedCode (34 bytes)
Event: 3.133 Thread 0x000002c8f1e0dcb0 nmethod 2058 0x000002c8d7438310 code [0x000002c8d7438540, 0x000002c8d7438a98]
Event: 3.134 Thread 0x000002c8f1dfe3d0 nmethod 2059 0x000002c8de63c410 code [0x000002c8de63c580, 0x000002c8de63c6f8]
Event: 3.134 Thread 0x000002c8f1dfe3d0 2062       4       java.lang.invoke.MethodType::equals (56 bytes)

GC Heap History (2 events):
Event: 0.886 GC heap before
{Heap before GC invocations=0 (full 0):
 garbage-first heap   total 258048K, used 20480K [0x0000000704000000, 0x0000000800000000)
  region size 2048K, 11 young (22528K), 0 survivors (0K)
 Metaspace       used 6894K, committed 7104K, reserved 1056768K
  class space    used 830K, committed 896K, reserved 1048576K
}
Event: 0.889 GC heap after
{Heap after GC invocations=1 (full 0):
 garbage-first heap   total 258048K, used 6037K [0x0000000704000000, 0x0000000800000000)
  region size 2048K, 2 young (4096K), 2 survivors (4096K)
 Metaspace       used 6894K, committed 7104K, reserved 1056768K
  class space    used 830K, committed 896K, reserved 1048576K
}

Deoptimization events (20 events):
Event: 1.122 Thread 0x000002c8f1df8de0 DEOPT PACKING pc=0x000002c8de5ef2e4 sp=0x000000cf7a2fe4d0
Event: 1.122 Thread 0x000002c8f1df8de0 DEOPT UNPACKING pc=0x000002c8d6af23a3 sp=0x000000cf7a2fe440 mode 2
Event: 1.124 Thread 0x000002c8f1df8de0 Uncommon trap: trap_request=0xffffff45 fr.pc=0x000002c8de5cb2c4 relative=0x0000000000000124
Event: 1.124 Thread 0x000002c8f1df8de0 Uncommon trap: reason=unstable_if action=reinterpret pc=0x000002c8de5cb2c4 method=java.lang.StringLatin1.lastIndexOf([BI[BII)I @ 86 c2
Event: 1.124 Thread 0x000002c8f1df8de0 DEOPT PACKING pc=0x000002c8de5cb2c4 sp=0x000000cf7a2fe4f0
Event: 1.124 Thread 0x000002c8f1df8de0 DEOPT UNPACKING pc=0x000002c8d6af23a3 sp=0x000000cf7a2fe448 mode 2
Event: 1.689 Thread 0x000002c8cf2315f0 DEOPT PACKING pc=0x000002c8d7305dfd sp=0x000000cf798fcbe0
Event: 1.689 Thread 0x000002c8cf2315f0 DEOPT UNPACKING pc=0x000002c8d6af2b43 sp=0x000000cf798fc0f0 mode 0
Event: 1.733 Thread 0x000002c8cf2315f0 DEOPT PACKING pc=0x000002c8d73932ce sp=0x000000cf798fc560
Event: 1.733 Thread 0x000002c8cf2315f0 DEOPT UNPACKING pc=0x000002c8d6af2b43 sp=0x000000cf798fb9a8 mode 0
Event: 1.755 Thread 0x000002c8cf2315f0 Uncommon trap: trap_request=0xffffff45 fr.pc=0x000002c8de5d4d48 relative=0x0000000000000048
Event: 1.755 Thread 0x000002c8cf2315f0 Uncommon trap: reason=unstable_if action=reinterpret pc=0x000002c8de5d4d48 method=java.lang.CharacterData.of(I)Ljava/lang/CharacterData; @ 4 c2
Event: 1.755 Thread 0x000002c8cf2315f0 DEOPT PACKING pc=0x000002c8de5d4d48 sp=0x000000cf798fc520
Event: 1.755 Thread 0x000002c8cf2315f0 DEOPT UNPACKING pc=0x000002c8d6af23a3 sp=0x000000cf798fc4c0 mode 2
Event: 3.067 Thread 0x000002c8cf2315f0 DEOPT PACKING pc=0x000002c8d73932ce sp=0x000000cf798f9030
Event: 3.067 Thread 0x000002c8cf2315f0 DEOPT UNPACKING pc=0x000002c8d6af2b43 sp=0x000000cf798f8478 mode 0
Event: 3.084 Thread 0x000002c8cf2315f0 Uncommon trap: trap_request=0xffffff45 fr.pc=0x000002c8de619fe4 relative=0x00000000000068c4
Event: 3.084 Thread 0x000002c8cf2315f0 Uncommon trap: reason=unstable_if action=reinterpret pc=0x000002c8de619fe4 method=jdk.internal.org.objectweb.asm.Frame.execute(IILjdk/internal/org/objectweb/asm/Symbol;Ljdk/internal/org/objectweb/asm/SymbolTable;)V @ 1 c2
Event: 3.084 Thread 0x000002c8cf2315f0 DEOPT PACKING pc=0x000002c8de619fe4 sp=0x000000cf798fce50
Event: 3.084 Thread 0x000002c8cf2315f0 DEOPT UNPACKING pc=0x000002c8d6af23a3 sp=0x000000cf798fce08 mode 2

Classes unloaded (0 events):
No events

Classes redefined (0 events):
No events

Internal exceptions (20 events):
Event: 1.005 Thread 0x000002c8cf2315f0 Exception <a 'java/lang/NoSuchMethodError'{0x000000071322dea8}: 'java.lang.Object java.lang.invoke.DirectMethodHandle$Holder.invokeInterface(java.lang.Object, java.lang.Object, java.lang.Object)'> (0x000000071322dea8) 
thrown [t:\workspace\open\src\hotspot\share\interpreter\linkResolver.cpp, line 766]
Event: 1.005 Thread 0x000002c8cf2315f0 Exception <a 'java/lang/IncompatibleClassChangeError'{0x0000000713231570}: Found class java.lang.Object, but interface was expected> (0x0000000713231570) 
thrown [t:\workspace\open\src\hotspot\share\interpreter\linkResolver.cpp, line 833]
Event: 1.006 Thread 0x000002c8cf2315f0 Exception <a 'java/lang/NoSuchMethodError'{0x0000000713239a18}: 'int java.lang.invoke.DirectMethodHandle$Holder.invokeSpecialIFC(java.lang.Object, java.lang.Object, java.lang.Object, java.lang.Object)'> (0x0000000713239a18) 
thrown [t:\workspace\open\src\hotspot\share\interpreter\linkResolver.cpp, line 766]
Event: 1.008 Thread 0x000002c8cf2315f0 Exception <a 'java/lang/NoSuchMethodError'{0x000000071325e600}: 'java.lang.Object java.lang.invoke.DirectMethodHandle$Holder.invokeVirtual(java.lang.Object, java.lang.Object, java.lang.Object, java.lang.Object)'> (0x000000071325e600) 
thrown [t:\workspace\open\src\hotspot\share\interpreter\linkResolver.cpp, line 766]
Event: 1.023 Thread 0x000002c8f347a500 Exception <a 'java/net/ConnectException'{0x00000007132e0cb8}: Connection refused: no further information> (0x00000007132e0cb8) 
thrown [t:\workspace\open\src\hotspot\share\prims\jni.cpp, line 535]
Event: 1.023 Thread 0x000002c8f347a500 Exception <a 'java/net/SocketException'{0x00000007132e0ff0}: Socket is not connected: shutdown> (0x00000007132e0ff0) 
thrown [t:\workspace\open\src\hotspot\share\prims\jni.cpp, line 535]
Event: 1.064 Thread 0x000002c8cf2315f0 Exception <a 'java/lang/NoSuchMethodError'{0x00000007133ebe40}: 'java.lang.Object java.lang.invoke.DirectMethodHandle$Holder.newInvokeSpecial(java.lang.Object, java.lang.Object, int, int)'> (0x00000007133ebe40) 
thrown [t:\workspace\open\src\hotspot\share\interpreter\linkResolver.cpp, line 766]
Event: 1.065 Thread 0x000002c8cf2315f0 Exception <a 'java/lang/NoSuchMethodError'{0x00000007133f6f90}: 'void java.lang.invoke.DirectMethodHandle$Holder.invokeStatic(java.lang.Object, java.lang.Object, int)'> (0x00000007133f6f90) 
thrown [t:\workspace\open\src\hotspot\share\interpreter\linkResolver.cpp, line 766]
Event: 1.071 Thread 0x000002c8cf2315f0 Exception <a 'java/lang/NoSuchMethodError'{0x0000000713093618}: 'java.lang.Object java.lang.invoke.DirectMethodHandle$Holder.newInvokeSpecial(java.lang.Object, java.lang.Object, java.lang.Object, java.lang.Object, java.lang.Object)'> (0x0000000713093618) 
thrown [t:\workspace\open\src\hotspot\share\interpreter\linkResolver.cpp, line 766]
Event: 1.094 Thread 0x000002c8f355fa40 Exception <a 'java/lang/NoSuchMethodError'{0x00000007131c2ff8}: 'java.lang.Object java.lang.invoke.DirectMethodHandle$Holder.invokeSpecial(java.lang.Object, java.lang.Object, java.lang.Object, java.lang.Object, int)'> (0x00000007131c2ff8) 
thrown [t:\workspace\open\src\hotspot\share\interpreter\linkResolver.cpp, line 766]
Event: 1.094 Thread 0x000002c8f355fa40 Exception <a 'java/lang/NoSuchMethodError'{0x00000007131c6bc0}: 'java.lang.Object java.lang.invoke.Invokers$Holder.linkToTargetMethod(java.lang.Object, java.lang.Object, int, java.lang.Object)'> (0x00000007131c6bc0) 
thrown [t:\workspace\open\src\hotspot\share\interpreter\linkResolver.cpp, line 766]
Event: 1.104 Thread 0x000002c8f355fa40 Exception <a 'java/lang/NoSuchMethodError'{0x0000000712e18c58}: 'void java.lang.invoke.DirectMethodHandle$Holder.invokeSpecial(java.lang.Object, java.lang.Object, java.lang.Object, java.lang.Object, java.lang.Object)'> (0x0000000712e18c58) 
thrown [t:\workspace\open\src\hotspot\share\interpreter\linkResolver.cpp, line 766]
Event: 1.668 Thread 0x000002c8f355fa40 Exception <a 'java/lang/NoSuchMethodError'{0x0000000712c09e30}: 'java.lang.Object java.lang.invoke.DirectMethodHandle$Holder.newInvokeSpecial(java.lang.Object, java.lang.Object, long, java.lang.Object, java.lang.Object, java.lang.Object)'> (0x0000000712c09e30) 
thrown [t:\workspace\open\src\hotspot\share\interpreter\linkResolver.cpp, line 766]
Event: 1.671 Thread 0x000002c8f355fa40 Exception <a 'java/lang/NoSuchMethodError'{0x0000000712c21f60}: 'void java.lang.invoke.DirectMethodHandle$Holder.invokeSpecial(java.lang.Object, java.lang.Object, java.lang.Object, java.lang.Object, java.lang.Object, java.lang.Object, java.lang.Object)'> (0x0000000712c21f60) 
thrown [t:\workspace\open\src\hotspot\share\interpreter\linkResolver.cpp, line 766]
Event: 1.676 Thread 0x000002c8cf2315f0 Exception <a 'java/lang/NoSuchMethodError'{0x0000000712c68ab0}: 'java.lang.Object java.lang.invoke.DirectMethodHandle$Holder.invokeSpecialIFC(java.lang.Object, java.lang.Object, java.lang.Object)'> (0x0000000712c68ab0) 
thrown [t:\workspace\open\src\hotspot\share\interpreter\linkResolver.cpp, line 766]
Event: 1.757 Thread 0x000002c8cf2315f0 Exception <a 'java/lang/ClassNotFoundException'{0x00000007128414c8}: sun/util/logging/resources/spi/loggingProvider> (0x00000007128414c8) 
thrown [t:\workspace\open\src\hotspot\share\classfile\systemDictionary.cpp, line 256]
Event: 3.107 Thread 0x000002c8cf2315f0 Exception <a 'java/lang/NoSuchMethodError'{0x00000007126928e0}: 'java.lang.Object java.lang.invoke.DirectMethodHandle$Holder.newInvokeSpecial(java.lang.Object, java.lang.Object, int, java.lang.Object, java.lang.Object)'> (0x00000007126928e0) 
thrown [t:\workspace\open\src\hotspot\share\interpreter\linkResolver.cpp, line 766]
Event: 3.110 Thread 0x000002c8cf2315f0 Exception <a 'java/lang/NoSuchMethodError'{0x00000007126c7c08}: 'java.lang.Object java.lang.invoke.DirectMethodHandle$Holder.invokeStatic(java.lang.Object, java.lang.Object, java.lang.Object, int, java.lang.Object, java.lang.Object)'> (0x00000007126c7c08) 
thrown [t:\workspace\open\src\hotspot\share\interpreter\linkResolver.cpp, line 766]
Event: 3.111 Thread 0x000002c8cf2315f0 Exception <a 'java/lang/NoSuchMethodError'{0x00000007126cfca8}: 'java.lang.Object java.lang.invoke.DirectMethodHandle$Holder.newInvokeSpecial(java.lang.Object, java.lang.Object, java.lang.Object, int, java.lang.Object)'> (0x00000007126cfca8) 
thrown [t:\workspace\open\src\hotspot\share\interpreter\linkResolver.cpp, line 766]
Event: 3.111 Thread 0x000002c8cf2315f0 Exception <a 'java/lang/NoSuchMethodError'{0x00000007126d7678}: 'java.lang.Object java.lang.invoke.Invokers$Holder.linkToTargetMethod(java.lang.Object, java.lang.Object, int, java.lang.Object, java.lang.Object)'> (0x00000007126d7678) 
thrown [t:\workspace\open\src\hotspot\share\interpreter\linkResolver.cpp, line 766]

VM Operations (20 events):
Event: 0.949 Executing VM operation: HandshakeAllThreads
Event: 0.949 Executing VM operation: HandshakeAllThreads done
Event: 0.975 Executing VM operation: HandshakeAllThreads
Event: 0.975 Executing VM operation: HandshakeAllThreads done
Event: 1.050 Executing VM operation: HandshakeAllThreads
Event: 1.050 Executing VM operation: HandshakeAllThreads done
Event: 1.051 Executing VM operation: HandshakeAllThreads
Event: 1.051 Executing VM operation: HandshakeAllThreads done
Event: 1.073 Executing VM operation: HandshakeAllThreads
Event: 1.073 Executing VM operation: HandshakeAllThreads done
Event: 1.118 Executing VM operation: HandshakeAllThreads
Event: 1.118 Executing VM operation: HandshakeAllThreads done
Event: 1.664 Executing VM operation: HandshakeAllThreads
Event: 1.664 Executing VM operation: HandshakeAllThreads done
Event: 1.739 Executing VM operation: ICBufferFull
Event: 1.739 Executing VM operation: ICBufferFull done
Event: 1.756 Executing VM operation: HandshakeAllThreads
Event: 1.756 Executing VM operation: HandshakeAllThreads done
Event: 2.763 Executing VM operation: Cleanup
Event: 2.763 Executing VM operation: Cleanup done

Events (20 events):
Event: 3.112 loading class java/util/IdentityHashMap$ValueSpliterator
Event: 3.113 loading class java/util/IdentityHashMap$IdentityHashMapSpliterator
Event: 3.113 loading class java/util/IdentityHashMap$IdentityHashMapSpliterator done
Event: 3.113 loading class java/util/IdentityHashMap$ValueSpliterator done
Event: 3.113 loading class java/util/stream/ReduceOps$2
Event: 3.113 loading class java/util/stream/ReduceOps$2 done
Event: 3.113 loading class java/util/stream/ReduceOps$2ReducingSink
Event: 3.113 loading class java/util/stream/ReduceOps$2ReducingSink done
Event: 3.121 loading class java/util/stream/SortedOps$SizedRefSortingSink
Event: 3.121 loading class java/util/stream/SortedOps$SizedRefSortingSink done
Event: 3.121 loading class java/util/stream/Nodes$CollectorTask$OfRef
Event: 3.121 loading class java/util/stream/Nodes$CollectorTask
Event: 3.121 loading class java/util/stream/Nodes$CollectorTask done
Event: 3.121 loading class java/util/stream/Nodes$CollectorTask$OfRef done
Event: 3.121 loading class java/util/function/LongFunction
Event: 3.121 loading class java/util/function/LongFunction done
Event: 3.121 loading class java/util/stream/Nodes$ConcNode
Event: 3.121 loading class java/util/stream/Nodes$AbstractConcNode
Event: 3.121 loading class java/util/stream/Nodes$AbstractConcNode done
Event: 3.121 loading class java/util/stream/Nodes$ConcNode done


Dynamic libraries:
0x00007ff611c50000 - 0x00007ff611c60000 	C:\Program Files\Java\jdk-17.0.3\bin\java.exe
0x00007ffe54f50000 - 0x00007ffe55148000 	C:\WINDOWS\SYSTEM32\ntdll.dll
0x00007ffe532e0000 - 0x00007ffe5339f000 	C:\WINDOWS\System32\KERNEL32.DLL
0x00007ffe527e0000 - 0x00007ffe52ad6000 	C:\WINDOWS\System32\KERNELBASE.dll
0x00007ffe52b50000 - 0x00007ffe52c50000 	C:\WINDOWS\System32\ucrtbase.dll
0x00007ffe4abb0000 - 0x00007ffe4abc8000 	C:\Program Files\Java\jdk-17.0.3\bin\jli.dll
0x00007ffe4ab90000 - 0x00007ffe4abaa000 	C:\Program Files\Java\jdk-17.0.3\bin\VCRUNTIME140.dll
0x00007ffe54650000 - 0x00007ffe546ff000 	C:\WINDOWS\System32\ADVAPI32.dll
0x00007ffe54470000 - 0x00007ffe5450e000 	C:\WINDOWS\System32\msvcrt.dll
0x00007ffe54510000 - 0x00007ffe545ac000 	C:\WINDOWS\System32\sechost.dll
0x00007ffe53180000 - 0x00007ffe532a6000 	C:\WINDOWS\System32\RPCRT4.dll
0x00007ffe54700000 - 0x00007ffe5489d000 	C:\WINDOWS\System32\USER32.dll
0x00007ffe52600000 - 0x00007ffe52622000 	C:\WINDOWS\System32\win32u.dll
0x00007ffe2e1d0000 - 0x00007ffe2e46a000 	C:\WINDOWS\WinSxS\amd64_microsoft.windows.common-controls_6595b64144ccf1df_6.0.19041.1110_none_60b5254171f9507e\COMCTL32.dll
0x00007ffe532b0000 - 0x00007ffe532dc000 	C:\WINDOWS\System32\GDI32.dll
0x00007ffe52e60000 - 0x00007ffe52f75000 	C:\WINDOWS\System32\gdi32full.dll
0x00007ffe52dc0000 - 0x00007ffe52e5d000 	C:\WINDOWS\System32\msvcp_win.dll
0x00007ffe49a40000 - 0x00007ffe49a4a000 	C:\WINDOWS\SYSTEM32\VERSION.dll
0x00007ffe53770000 - 0x00007ffe537a0000 	C:\WINDOWS\System32\IMM32.DLL
0x00007ffe4d6e0000 - 0x00007ffe4d6ec000 	C:\Program Files\Java\jdk-17.0.3\bin\vcruntime140_1.dll
0x00007ffe236c0000 - 0x00007ffe2374d000 	C:\Program Files\Java\jdk-17.0.3\bin\msvcp140.dll
0x00007ffe093b0000 - 0x00007ffe09f71000 	C:\Program Files\Java\jdk-17.0.3\bin\server\jvm.dll
0x00007ffe53760000 - 0x00007ffe53768000 	C:\WINDOWS\System32\PSAPI.DLL
0x00007ffe3d810000 - 0x00007ffe3d837000 	C:\WINDOWS\SYSTEM32\WINMM.dll
0x00007ffe0ef50000 - 0x00007ffe0ef59000 	C:\WINDOWS\SYSTEM32\WSOCK32.dll
0x00007ffe54400000 - 0x00007ffe5446b000 	C:\WINDOWS\System32\WS2_32.dll
0x00007ffe50450000 - 0x00007ffe50462000 	C:\WINDOWS\SYSTEM32\kernel.appcore.dll
0x00007ffe4a970000 - 0x00007ffe4a97a000 	C:\Program Files\Java\jdk-17.0.3\bin\jimage.dll
0x00007ffe3ca10000 - 0x00007ffe3cbf4000 	C:\WINDOWS\SYSTEM32\DBGHELP.DLL
0x00007ffe3c950000 - 0x00007ffe3c984000 	C:\WINDOWS\SYSTEM32\dbgcore.DLL
0x00007ffe52d00000 - 0x00007ffe52d82000 	C:\WINDOWS\System32\bcryptPrimitives.dll
0x00007ffe49230000 - 0x00007ffe4923e000 	C:\Program Files\Java\jdk-17.0.3\bin\instrument.dll
0x00007ffe3f9e0000 - 0x00007ffe3fa05000 	C:\Program Files\Java\jdk-17.0.3\bin\java.dll
0x00007ffe21c80000 - 0x00007ffe21d56000 	C:\Program Files\Java\jdk-17.0.3\bin\jsvml.dll
0x00007ffe53b00000 - 0x00007ffe54244000 	C:\WINDOWS\System32\SHELL32.dll
0x00007ffe50650000 - 0x00007ffe50de3000 	C:\WINDOWS\SYSTEM32\windows.storage.dll
0x00007ffe533a0000 - 0x00007ffe536f4000 	C:\WINDOWS\System32\combase.dll
0x00007ffe51f80000 - 0x00007ffe51fae000 	C:\WINDOWS\SYSTEM32\Wldp.dll
0x00007ffe54dd0000 - 0x00007ffe54e7d000 	C:\WINDOWS\System32\SHCORE.dll
0x00007ffe537a0000 - 0x00007ffe537f5000 	C:\WINDOWS\System32\shlwapi.dll
0x00007ffe52540000 - 0x00007ffe5255f000 	C:\WINDOWS\SYSTEM32\profapi.dll
0x00007ffe3bf10000 - 0x00007ffe3bf28000 	C:\Program Files\Java\jdk-17.0.3\bin\zip.dll
0x00007ffe399e0000 - 0x00007ffe399f9000 	C:\Program Files\Java\jdk-17.0.3\bin\net.dll
0x00007ffe4cbe0000 - 0x00007ffe4ccea000 	C:\WINDOWS\SYSTEM32\WINHTTP.dll
0x00007ffe51ce0000 - 0x00007ffe51d4a000 	C:\WINDOWS\system32\mswsock.dll
0x00007ffe39390000 - 0x00007ffe393a6000 	C:\Program Files\Java\jdk-17.0.3\bin\nio.dll
0x00007ffe38ec0000 - 0x00007ffe38eda000 	C:\Program Files\JetBrains\IntelliJ IDEA Community Edition 2021.3.2\bin\breakgen64.dll
0x00007ffe3fb70000 - 0x00007ffe3fb80000 	C:\Program Files\Java\jdk-17.0.3\bin\verify.dll
0x00007ffe51ed0000 - 0x00007ffe51ee8000 	C:\WINDOWS\SYSTEM32\CRYPTSP.dll
0x00007ffe51600000 - 0x00007ffe51634000 	C:\WINDOWS\system32\rsaenh.dll
0x00007ffe52d90000 - 0x00007ffe52db7000 	C:\WINDOWS\System32\bcrypt.dll
0x00007ffe524c0000 - 0x00007ffe524ee000 	C:\WINDOWS\SYSTEM32\USERENV.dll
0x00007ffe51ef0000 - 0x00007ffe51efc000 	C:\WINDOWS\SYSTEM32\CRYPTBASE.dll
0x00007ffe519d0000 - 0x00007ffe51a0c000 	C:\WINDOWS\SYSTEM32\IPHLPAPI.DLL
0x00007ffe54dc0000 - 0x00007ffe54dc8000 	C:\WINDOWS\System32\NSI.dll
0x00007ffe4d740000 - 0x00007ffe4d757000 	C:\WINDOWS\SYSTEM32\dhcpcsvc6.DLL
0x00007ffe4d6c0000 - 0x00007ffe4d6dd000 	C:\WINDOWS\SYSTEM32\dhcpcsvc.DLL
0x00007ffe51a10000 - 0x00007ffe51adb000 	C:\WINDOWS\SYSTEM32\DNSAPI.dll
0x00007ffe4cae0000 - 0x00007ffe4caea000 	C:\Windows\System32\rasadhlp.dll
0x00007ffe4da90000 - 0x00007ffe4db12000 	C:\WINDOWS\System32\fwpuclnt.dll
0x00007ffe3b800000 - 0x00007ffe3b80e000 	C:\Program Files\Java\jdk-17.0.3\bin\sunmscapi.dll
0x00007ffe52630000 - 0x00007ffe5278e000 	C:\WINDOWS\System32\CRYPT32.dll
0x00007ffe51ff0000 - 0x00007ffe52018000 	C:\WINDOWS\SYSTEM32\ncrypt.dll
0x00007ffe51fb0000 - 0x00007ffe51feb000 	C:\WINDOWS\SYSTEM32\NTASN1.dll
0x00007ffe39ac0000 - 0x00007ffe39ac7000 	C:\WINDOWS\system32\wshunix.dll

dbghelp: loaded successfully - version: 4.0.5 - missing functions: none
symbol engine: initialized successfully - sym options: 0x614 - pdb path: .;C:\Program Files\Java\jdk-17.0.3\bin;C:\WINDOWS\SYSTEM32;C:\WINDOWS\WinSxS\amd64_microsoft.windows.common-controls_6595b64144ccf1df_6.0.19041.1110_none_60b5254171f9507e;C:\Program Files\Java\jdk-17.0.3\bin\server;C:\Program Files\JetBrains\IntelliJ IDEA Community Edition 2021.3.2\bin

VM Arguments:
jvm_args: -ea -Didea.test.cyclic.buffer.size=1048576 -javaagent:C:\Program Files\JetBrains\IntelliJ IDEA Community Edition 2021.3.2\lib\idea_rt.jar=49560:C:\Program Files\JetBrains\IntelliJ IDEA Community Edition 2021.3.2\bin -Dfile.encoding=UTF-8 
java_command: com.intellij.rt.testng.RemoteTestNGStarter -usedefaultlisteners false -socket49559 @w@C:\Users\SVETLA~1\AppData\Local\Temp\idea_working_dirs_testng.tmp -temp C:\Users\SVETLA~1\AppData\Local\Temp\idea_testng.tmp
java_class_path (initial): C:\Program Files\JetBrains\IntelliJ IDEA Community Edition 2021.3.2\lib\idea_rt.jar;C:\Program Files\JetBrains\IntelliJ IDEA Community Edition 2021.3.2\plugins\testng\lib\testng-rt.jar;C:\Homework\target\test-classes;C:\Homework\target\classes;C:\Users\Svetlana Abramova\.m2\repository\org\seleniumhq\selenium\selenium-java\4.18.1\selenium-java-4.18.1.jar;C:\Users\Svetlana Abramova\.m2\repository\org\seleniumhq\selenium\selenium-api\4.18.1\selenium-api-4.18.1.jar;C:\Users\Svetlana Abramova\.m2\repository\org\seleniumhq\selenium\selenium-chrome-driver\4.18.1\selenium-chrome-driver-4.18.1.jar;C:\Users\Svetlana Abramova\.m2\repository\com\google\auto\service\auto-service-annotations\1.1.1\auto-service-annotations-1.1.1.jar;C:\Users\Svetlana Abramova\.m2\repository\org\seleniumhq\selenium\selenium-chromium-driver\4.18.1\selenium-chromium-driver-4.18.1.jar;C:\Users\Svetlana Abramova\.m2\repository\org\seleniumhq\selenium\selenium-json\4.18.1\selenium-json-4.18.1.jar;C:\Users\Svetlana Abramova\.m2\repository\org\seleniumhq\selenium\selenium-manager\4.18.1\selenium-manager-4.18.1.jar;C:\Users\Svetlana Abramova\.m2\repository\org\seleniumhq\selenium\selenium-devtools-v120\4.18.1\selenium-devtools-v120-4.18.1.jar;C:\Users\Svetlana Abramova\.m2\repository\org\seleniumhq\selenium\selenium-devtools-v121\4.18.1\selenium-devtools-v121-4.18.1.jar;C:\Users\Svetlana Abramova\.m2\repository\org\seleniumhq\selenium\selenium-devtools-v122\4.18.1\selenium-devtools-v122-4.18.1.jar;C:\Users\Svetlana Abramova\.m2\repository\org\seleniumhq\selenium\selenium-devtools-v85\4.18.1\selenium-devtools-v85-4.18.1.jar;C:\Users\Svetlana Abramova\.m2\repository\org\seleniumhq\selenium\selenium-edge-driver\4.18.1\selenium-edge-driver-4.18.1.jar;C:\Users\Svetlana Abramova\.m2\repository\org\seleniumhq\selenium\selenium-firefox-driver\4.18.1\selenium-firefox-driver-4.18.1.jar;C:\Users\Svetlana Abramova\.m2\repository\org\seleniumhq\selenium\selenium-http\4.18.1\selenium-http-4.
Launcher Type: SUN_STANDARD

[Global flags]
     intx CICompilerCount                          = 4                                         {product} {ergonomic}
     uint ConcGCThreads                            = 2                                         {product} {ergonomic}
     uint G1ConcRefinementThreads                  = 8                                         {product} {ergonomic}
   size_t G1HeapRegionSize                         = 2097152                                   {product} {ergonomic}
    uintx GCDrainStackTargetSize                   = 64                                        {product} {ergonomic}
   size_t InitialHeapSize                          = 264241152                                 {product} {ergonomic}
   size_t MarkStackSize                            = 4194304                                   {product} {ergonomic}
   size_t MaxHeapSize                              = 4227858432                                {product} {ergonomic}
   size_t MaxNewSize                               = 2535456768                                {product} {ergonomic}
   size_t MinHeapDeltaBytes                        = 2097152                                   {product} {ergonomic}
   size_t MinHeapSize                              = 8388608                                   {product} {ergonomic}
    uintx NonNMethodCodeHeapSize                   = 5839372                                {pd product} {ergonomic}
    uintx NonProfiledCodeHeapSize                  = 122909434                              {pd product} {ergonomic}
    uintx ProfiledCodeHeapSize                     = 122909434                              {pd product} {ergonomic}
    uintx ReservedCodeCacheSize                    = 251658240                              {pd product} {ergonomic}
     bool SegmentedCodeCache                       = true                                      {product} {ergonomic}
   size_t SoftMaxHeapSize                          = 4227858432                             {manageable} {ergonomic}
     bool UseCompressedClassPointers               = true                           {product lp64_product} {ergonomic}
     bool UseCompressedOops                        = true                           {product lp64_product} {ergonomic}
     bool UseG1GC                                  = true                                      {product} {ergonomic}
     bool UseLargePagesIndividualAllocation        = false                                  {pd product} {ergonomic}

Logging:
Log output configuration:
 #0: stdout all=warning uptime,level,tags
 #1: stderr all=off uptime,level,tags

Environment Variables:
PATH=C:\Program Files\Common Files\Oracle\Java\javapath;C:\WINDOWS\system32;C:\WINDOWS;C:\WINDOWS\System32\Wbem;C:\WINDOWS\System32\WindowsPowerShell\v1.0\;C:\WINDOWS\System32\OpenSSH\;C:\Program Files (x86)\Microsoft SQL Server\150\DTS\Binn\;C:\Program Files\Azure Data Studio\bin;C:\Users\Svetlana Abramova\AppData\Local\Microsoft\WindowsApps;C:\Users\Svetlana Abramova\AppData\Local\Programs\Git\cmd
USERNAME=Svetlana Abramova
OS=Windows_NT
PROCESSOR_IDENTIFIER=Intel64 Family 6 Model 151 Stepping 5, GenuineIntel



---------------  S Y S T E M  ---------------

OS:
 Windows 10 , 64 bit Build 19041 (10.0.19041.2913)
OS uptime: 0 days 19:57 hours

CPU: total 8 (initial active 8) (4 cores per cpu, 2 threads per core) family 6 model 151 stepping 5 microcode 0x1f, cx8, cmov, fxsr, ht, mmx, 3dnowpref, sse, sse2, sse3, ssse3, sse4.1, sse4.2, popcnt, lzcnt, tsc, tscinvbit, avx, avx2, aes, erms, clmul, bmi1, bmi2, adx, sha, fma, vzeroupper, clflush, clflushopt, clwb

Memory: 4k page, system-wide physical 16125M (3472M free)
TotalPageFile size 16125M (AvailPageFile size 2M)
current process WorkingSet (physical memory assigned to process): 110M, peak: 112M
current process commit charge ("private bytes"): 382M, peak: 384M

vm_info: Java HotSpot(TM) 64-Bit Server VM (17.0.3+8-LTS-111) for windows-amd64 JRE (17.0.3+8-LTS-111), built on Mar  9 2022 22:40:21 by "mach5one" with MS VC++ 16.8 / 16.9 (VS2019)

END.
